<?xml version="1.0" encoding="UTF-8"?>
<!-- Generated by org.testng.reporters.JUnitReportReporter -->
<testsuite skipped="0" hostname="Room3-1User" name="Test1" tests="1" failures="0" timestamp="14 мар 2017 18:16:40 GMT" time="0.000" errors="0">
  <testcase name="firstTest" time="0.000" classname="Test1"/>
</testsuite> <!-- Test1 -->
